  Generate moc_predefs.h
  generating moc/moc_predefs.h
  qwt.cpp
  qwt_abstract_legend.cpp
  qwt_abstract_scale.cpp
  qwt_abstract_scale_draw.cpp
  qwt_abstract_slider.cpp
  qwt_analog_clock.cpp
  qwt_arrow_button.cpp
  qwt_bezier.cpp
  qwt_clipper.cpp
  qwt_color_map.cpp
  qwt_column_symbol.cpp
  qwt_compass.cpp
  qwt_compass_rose.cpp
  qwt_counter.cpp
  qwt_curve_fitter.cpp
  qwt_date.cpp
  qwt_date_scale_draw.cpp
  qwt_date_scale_engine.cpp
  qwt_dial.cpp
  qwt_dial_needle.cpp
  qwt_dyngrid_layout.cpp
  qwt_event_pattern.cpp
  qwt_graphic.cpp
  qwt_interval.cpp
  qwt_interval_symbol.cpp
  qwt_knob.cpp
  qwt_legend.cpp
  qwt_legend_data.cpp
  qwt_legend_label.cpp
  qwt_magnifier.cpp
  qwt_math.cpp
  qwt_matrix_raster_data.cpp
  qwt_null_paintdevice.cpp
  qwt_painter.cpp
  qwt_painter_command.cpp
  qwt_panner.cpp
  qwt_picker.cpp
  qwt_picker_machine.cpp
  qwt_pixel_matrix.cpp
  qwt_plot.cpp
  qwt_plot_abstract_barchart.cpp
  qwt_plot_abstract_canvas.cpp
  qwt_plot_axis.cpp
  qwt_plot_barchart.cpp
  qwt_plot_canvas.cpp
  qwt_plot_curve.cpp
  qwt_plot_dict.cpp
  qwt_plot_directpainter.cpp
  qwt_plot_graphicitem.cpp
  qwt_plot_grid.cpp
  qwt_plot_histogram.cpp
  qwt_plot_intervalcurve.cpp
qwt_plot_barchart.cpp(228,28): warning C4267: '=': conversion from 'size_t' to 'int', possible loss of data
qwt_plot_barchart.cpp(430,50): warning C4267: 'argument': conversion from 'size_t' to 'int', possible loss of data
qwt_plot_barchart.cpp(435,74): warning C4267: 'argument': conversion from 'size_t' to 'int', possible loss of data
qwt_plot_curve.cpp(391,28): warning C4267: '=': conversion from 'size_t' to 'int', possible loss of data
qwt_plot_curve.cpp(393,8): warning C4267: 'argument': conversion from 'size_t' to 'int', possible loss of data
qwt_plot_curve.cpp(441,36): warning C4267: '=': conversion from 'size_t' to 'int', possible loss of data
  qwt_plot_item.cpp
  qwt_plot_layout.cpp
  qwt_plot_legenditem.cpp
  qwt_plot_magnifier.cpp
qwt_plot_histogram.cpp(344,28): warning C4267: '=': conversion from 'size_t' to 'int', possible loss of data
  qwt_plot_marker.cpp
  qwt_plot_multi_barchart.cpp
qwt_plot_intervalcurve.cpp(327,28): warning C4267: '=': conversion from 'size_t' to 'int', possible loss of data
qwt_plot_intervalcurve.cpp(466,61): warning C4267: 'argument': conversion from 'size_t' to 'int', possible loss of data
qwt_plot_intervalcurve.cpp(467,68): warning C4267: 'argument': conversion from 'size_t' to 'int', possible loss of data
  qwt_plot_opengl_canvas.cpp
  qwt_plot_panner.cpp
  qwt_plot_picker.cpp
  qwt_plot_rasteritem.cpp
  qwt_plot_renderer.cpp
  qwt_plot_rescaler.cpp
qwt_plot_multi_barchart.cpp(379,28): warning C4267: '=': conversion from 'size_t' to 'int', possible loss of data
  qwt_plot_scaleitem.cpp
  qwt_plot_seriesitem.cpp
  qwt_plot_shapeitem.cpp
  qwt_plot_spectrocurve.cpp
  qwt_plot_spectrogram.cpp
  qwt_plot_svgitem.cpp
  qwt_plot_textlabel.cpp
  qwt_plot_tradingcurve.cpp
  qwt_plot_vectorfield.cpp
  qwt_plot_zoneitem.cpp
qwt_plot_spectrocurve.cpp(246,28): warning C4267: '=': conversion from 'size_t' to 'int', possible loss of data
  qwt_plot_zoomer.cpp
  qwt_point_3d.cpp
qwt_plot_tradingcurve.cpp(392,28): warning C4267: '=': conversion from 'size_t' to 'int', possible loss of data
  qwt_point_data.cpp
  qwt_point_mapper.cpp
qwt_plot_vectorfield.cpp(815,28): warning C4267: '=': conversion from 'size_t' to 'int', possible loss of data
  qwt_point_polar.cpp
  qwt_polar_canvas.cpp
  qwt_polar_curve.cpp
  qwt_polar_fitter.cpp
qwt_point_data.cpp(130,36): warning C4267: 'argument': conversion from 'size_t' to 'uint', possible loss of data
  qwt_polar_grid.cpp
  qwt_polar_item.cpp
  qwt_polar_itemdict.cpp
  qwt_polar_layout.cpp
  qwt_polar_magnifier.cpp
qwt_polar_curve.cpp(307,28): warning C4267: '=': conversion from 'size_t' to 'int', possible loss of data
qwt_polar_curve.cpp(309,8): warning C4267: 'argument': conversion from 'size_t' to 'int', possible loss of data
  qwt_polar_marker.cpp
  qwt_polar_panner.cpp
  qwt_polar_picker.cpp
  qwt_polar_plot.cpp
  qwt_polar_renderer.cpp
  qwt_polar_spectrogram.cpp
qwt_polar_layout.cpp(351,9): warning C4146: unary minus operator applied to unsigned type, result still unsigned
qwt_polar_layout.cpp(351,26): warning C4146: unary minus operator applied to unsigned type, result still unsigned
  qwt_raster_data.cpp
  qwt_round_scale_draw.cpp
  qwt_sampling_thread.cpp
  qwt_scale_div.cpp
  qwt_scale_draw.cpp
  qwt_scale_engine.cpp
  qwt_scale_map.cpp
  qwt_scale_widget.cpp
  qwt_series_data.cpp
  qwt_slider.cpp
  qwt_spline.cpp
  qwt_spline_basis.cpp
  qwt_spline_cubic.cpp
  qwt_spline_curve_fitter.cpp
  qwt_spline_local.cpp
qwt_series_data.cpp(86,1): warning C4267: '=': conversion from 'size_t' to 'int', possible loss of data
qwt_series_data.cpp(138,58): message : see reference to function template instantiation 'QRectF qwtBoundingRectT<QPointF>(const QwtSeriesData<T> &,int,int)' being compiled
          with
          [
              T=QPointF
          ]
  qwt_spline_parametrization.cpp
  qwt_spline_pleasing.cpp
  qwt_spline_polynomial.cpp
  qwt_symbol.cpp
  qwt_system_clock.cpp
  qwt_text.cpp
  qwt_text_engine.cpp
  qwt_text_label.cpp
  qwt_thermo.cpp
  qwt_transform.cpp
  qwt_vectorfield_symbol.cpp
  qwt_weeding_curve_fitter.cpp
  qwt_wheel.cpp
  qwt_widget_overlay.cpp
     Creating library ..\lib\\qwt.lib and object ..\lib\\qwt.exp
  qwt.vcxproj -> D:\repositories\scanner\libs\qwt-6.2.0\lib\qwt.dll
